parallel_inner trial 4 0.078000
parallel_inner trial 4 0.047000
parallel_outer trial 4 0.000000
parallel_inner_outer.csw trial 4 0.031000
parallel_inner_outer.csw trial 4 0.016000
parallel_block trial 4 0.015000
parallel_block trial 4 2.433000
parallel_inner_outer.csw trial 4 0.015000
parallel_outer trial 4 0.000000
parallel_inner trial 4 0.047000
parallel_block trial 4 0.905000
parallel_block trial 4 0.842000
parallel_block trial 4 0.765000
parallel_block trial 4 0.858000
parallel_block trial 4 0.858000
parallel_block trial 4 0.951000
parallel_block trial 4 0.936000
parallel_block trial 4 0.998000
parallel_block trial 4 1.810000
parallel_block trial 4 1.653000
parallel_block trial 4 0.812000
parallel_block trial 4 0.858000
parallel_block trial 4 0.873000
parallel_block trial 4 0.842000
parallel_block trial 4 0.858000
parallel_block trial 4 0.827000
parallel_block trial 4 1.014000
parallel_block trial 4 0.967000
parallel_block trial 4 0.905000
parallel_block trial 4 0.968000
parallel_block trial 4 1.030000
parallel_block trial 4 1.014000
parallel_block trial 4 0.999000
parallel_block trial 4 1.029000
parallel_block trial 4 0.967000
parallel_block trial 4 16.802000
parallel_block trial 4 15.522000
parallel_block trial 4 16.521000
parallel_block trial 4 16.536000
parallel_block trial 4 17.675000
parallel_block trial 4 14.289000
parallel_block trial 4 15.069000
parallel_block trial 4 15.039000
parallel_block trial 4 15.101000
parallel_block trial 4 16.115000
parallel_block trial 4 13.354000
parallel_block trial 4 13.868000
parallel_block trial 4 12.933000
parallel_block trial 4 13.541000
parallel_block trial 4 13.993000
parallel_block trial 4 0.000000
parallel_block trial 4 0.000000
parallel_block trial 4 0.000000
parallel_block trial 4 0.000000
parallel_block trial 4 0.000000
parallel_block trial 4 0.000000
parallel_block trial 4 0.000000
parallel_block trial 4 0.000000
parallel_block trial 4 0.000000
parallel_block trial 4 0.000000
parallel_block trial 4 0.016000
parallel_block trial 4 0.016000
parallel_block trial 4 0.031000
parallel_block trial 4 0.031000
parallel_block trial 4 0.031000
parallel_block trial 4 0.125000
parallel_block trial 4 0.109000
parallel_block trial 4 0.124000
parallel_block trial 4 0.124000
parallel_block trial 4 0.094000
parallel_block trial 4 1.731000
parallel_block trial 4 1.762000
parallel_block trial 4 1.763000
parallel_block trial 4 1.638000
parallel_block trial 4 1.732000
parallel_block trial 4 15.101000
parallel_block trial 4 12.979000
parallel_block trial 4 15.335000
parallel_block trial 4 14.914000
parallel_block trial 4 12.964000
parallel_block trial 4 0.780000
parallel_block trial 4 0.780000
parallel_block trial 4 0.811000
parallel_block trial 4 0.811000
parallel_block trial 4 0.796000
parallel_block trial 4 0.905000
parallel_block trial 4 0.874000
parallel_block trial 4 0.858000
parallel_block trial 4 0.842000
parallel_block trial 4 0.858000
parallel_block trial 4 0.967000
parallel_block trial 4 0.967000
parallel_block trial 4 0.967000
parallel_block trial 4 0.999000
parallel_block trial 4 0.983000
parallel_block trial 4 0.952000
parallel_block trial 4 1.045000
parallel_block trial 4 0.921000
parallel_block trial 4 1.045000
parallel_block trial 4 1.030000
parallel_block trial 4 1.264000
parallel_block trial 4 1.202000
parallel_block trial 4 1.186000
parallel_block trial 4 1.170000
parallel_block trial 4 1.108000
parallel_block trial 4 64.304000
parallel_block trial 4 66.082000
parallel_block trial 4 114.099000
